Change Component Designator: Old Designator=C1 New Designator=C31
Change Component Designator: Old Designator=C2 New Designator=C32
Change Component Designator: Old Designator=C3 New Designator=C33
Change Component Designator: Old Designator=C4 New Designator=C34
Change Component Designator: Old Designator=C5 New Designator=C35
Change Component Designator: Old Designator=C6 New Designator=C36
Change Component Designator: Old Designator=C7 New Designator=C37
Change Component Designator: Old Designator=C8 New Designator=C38
Change Component Designator: Old Designator=C9 New Designator=C41
Change Component Designator: Old Designator=C10 New Designator=C42
Change Component Designator: Old Designator=C11 New Designator=C43
Change Component Designator: Old Designator=C12 New Designator=C45
Change Component Designator: Old Designator=C13 New Designator=C46
Change Component Designator: Old Designator=C14 New Designator=C47
Change Component Designator: Old Designator=C15 New Designator=C48
Change Component Designator: Old Designator=C16 New Designator=C49
Change Component Designator: Old Designator=C17 New Designator=C50
Change Component Designator: Old Designator=C18 New Designator=C51
Change Component Designator: Old Designator=C19 New Designator=C52
Change Component Designator: Old Designator=C20 New Designator=C53
Change Component Designator: Old Designator=C21 New Designator=C54
Change Component Designator: Old Designator=C22 New Designator=C55
Change Component Designator: Old Designator=C23 New Designator=C56
Change Component Designator: Old Designator=C24 New Designator=C57
Change Component Designator: Old Designator=C25 New Designator=C58
Change Component Designator: Old Designator=C26 New Designator=C59
Change Component Designator: Old Designator=C27 New Designator=C60
Change Component Designator: Old Designator=C28 New Designator=C61
Change Component Designator: Old Designator=C29 New Designator=C62
Change Component Designator: Old Designator=C30 New Designator=C63
Change Component Designator: Old Designator=C31 New Designator=C64
Change Component Designator: Old Designator=C32 New Designator=C65
Change Component Designator: Old Designator=C? New Designator=C39
Change Component Designator: Old Designator=C? New Designator=C40
Change Component Designator: Old Designator=C? New Designator=C44
Change Component Designator: Old Designator=D1 New Designator=D4
Change Component Designator: Old Designator=D2 New Designator=D5
Change Component Designator: Old Designator=D3 New Designator=D6
Change Component Designator: Old Designator=F3 New Designator=F5
Change Component Designator: Old Designator=JP1 New Designator=JP9
Change Component Designator: Old Designator=JP2 New Designator=JP10
Change Component Designator: Old Designator=JP3 New Designator=JP11
Change Component Designator: Old Designator=JP4 New Designator=JP12
Change Component Designator: Old Designator=JP5 New Designator=JP13
Change Component Designator: Old Designator=JP6 New Designator=JP14
Change Component Designator: Old Designator=L1 New Designator=L3
Change Component Designator: Old Designator=L2 New Designator=L4
Change Component Designator: Old Designator=L3 New Designator=L5
Change Component Designator: Old Designator=LED? New Designator=LED9
Change Component Designator: Old Designator=Q1 New Designator=Q7
Change Component Designator: Old Designator=Q2 New Designator=Q9
Change Component Designator: Old Designator=Q3 New Designator=Q10
Change Component Designator: Old Designator=Q4 New Designator=Q11
Change Component Designator: Old Designator=Q? New Designator=Q8
Change Component Designator: Old Designator=R1 New Designator=R29
Change Component Designator: Old Designator=R2 New Designator=R30
Change Component Designator: Old Designator=R3 New Designator=R31
Change Component Designator: Old Designator=R4 New Designator=R32
Change Component Designator: Old Designator=R5 New Designator=R33
Change Component Designator: Old Designator=R6 New Designator=R34
Change Component Designator: Old Designator=R7 New Designator=R35
Change Component Designator: Old Designator=R8 New Designator=R36
Change Component Designator: Old Designator=R9 New Designator=R38
Change Component Designator: Old Designator=R10 New Designator=R39
Change Component Designator: Old Designator=R11 New Designator=R40
Change Component Designator: Old Designator=R12 New Designator=R41
Change Component Designator: Old Designator=R15 New Designator=R44
Change Component Designator: Old Designator=R16 New Designator=R45
Change Component Designator: Old Designator=R16 New Designator=R54
Change Component Designator: Old Designator=R17 New Designator=R42
Change Component Designator: Old Designator=R18 New Designator=R46
Change Component Designator: Old Designator=R19 New Designator=R47
Change Component Designator: Old Designator=R20 New Designator=R48
Change Component Designator: Old Designator=R21 New Designator=R49
Change Component Designator: Old Designator=R22 New Designator=R50
Change Component Designator: Old Designator=R23 New Designator=R51
Change Component Designator: Old Designator=R24 New Designator=R52
Change Component Designator: Old Designator=R25 New Designator=R53
Change Component Designator: Old Designator=R26 New Designator=R43
Change Component Designator: Old Designator=R27 New Designator=R55
Change Component Designator: Old Designator=R28 New Designator=R56
Change Component Designator: Old Designator=R29 New Designator=R57
Change Component Designator: Old Designator=R30 New Designator=R59
Change Component Designator: Old Designator=R31 New Designator=R60
Change Component Designator: Old Designator=R32 New Designator=R61
Change Component Designator: Old Designator=R33 New Designator=R62
Change Component Designator: Old Designator=R34 New Designator=R63
Change Component Designator: Old Designator=R35 New Designator=R64
Change Component Designator: Old Designator=R? New Designator=R28
Change Component Designator: Old Designator=R? New Designator=R37
Change Component Designator: Old Designator=R? New Designator=R58
Change Component Designator: Old Designator=RP1 New Designator=RP4
Change Component Designator: Old Designator=RP2 New Designator=RP5
Change Component Designator: Old Designator=S1 New Designator=S3
Change Component Designator: Old Designator=SW1 New Designator=SW2
Change Component Designator: Old Designator=SW2 New Designator=SW3
Change Component Designator: Old Designator=TP? New Designator=TP8
Change Component Designator: Old Designator=TP? New Designator=TP9
Change Component Designator: Old Designator=USB1 New Designator=USB2
Change Component Designator: Old Designator=USB2 New Designator=USB3
